<?xml version="1.0" encoding="UTF-8"?>
<!-- Generated by org.testng.reporters.JUnitReportReporter -->
<testsuite hostname="Muneeb-Mohammed" failures="0" tests="2" name="ConceptMaven.IntroMaven.AppiumTest" time="0.017" errors="0" timestamp="2022-01-20T16:06:47 EST" skipped="0">
  <testcase classname="ConceptMaven.IntroMaven.AppiumTest" name="NativeAppAndroid" time="0.015"/>
  <system-out/>
  <testcase classname="ConceptMaven.IntroMaven.AppiumTest" name="IOSApp" time="0.002"/>
  <system-out/>
</testsuite> <!-- ConceptMaven.IntroMaven.AppiumTest -->
