<?xml version="1.0" encoding="UTF-8"?>
<!-- Generated by org.testng.reporters.JUnitReportReporter -->
<testsuite hostname="Muneeb-Mohammed" failures="0" tests="2" name="ConceptMaven.IntroMaven.RESTAPITest" time="0.016" errors="0" timestamp="2022-01-20T16:06:47 EST" skipped="0">
  <testcase classname="ConceptMaven.IntroMaven.RESTAPITest" name="postJira" time="0.003"/>
  <system-out/>
  <testcase classname="ConceptMaven.IntroMaven.RESTAPITest" name="deleteTwitter" time="0.013"/>
  <system-out/>
</testsuite> <!-- ConceptMaven.IntroMaven.RESTAPITest -->
