<?xml version="1.0" encoding="UTF-8"?>
<!-- Generated by org.testng.reporters.JUnitReportReporter -->
<testsuite hostname="Muneeb-Mohammed" failures="0" tests="2" name="ConceptMaven.IntroMaven.RESTAPITest" time="0.008" errors="0" timestamp="2022-01-19T12:01:11 EST" skipped="0">
  <testcase classname="ConceptMaven.IntroMaven.RESTAPITest" name="deleteTwitter" time="0.007"/>
  <system-out/>
  <testcase classname="ConceptMaven.IntroMaven.RESTAPITest" name="postJira" time="0.001"/>
  <system-out/>
</testsuite> <!-- ConceptMaven.IntroMaven.RESTAPITest -->
