<?xml version="1.0" encoding="UTF-8"?>
<!-- Generated by org.testng.reporters.JUnitReportReporter -->
<testsuite hostname="Muneeb-Mohammed" failures="0" tests="2" name="ConceptMaven.IntroMaven.SeleniumTest" time="0.007" errors="0" timestamp="2022-01-19T12:01:11 EST" skipped="0">
  <testcase classname="ConceptMaven.IntroMaven.SeleniumTest" name="BrowserAutomation" time="0.006"/>
  <system-out/>
  <testcase classname="ConceptMaven.IntroMaven.SeleniumTest" name="elementUi" time="0.001"/>
  <system-out/>
</testsuite> <!-- ConceptMaven.IntroMaven.SeleniumTest -->
